{"C:\\Users\\Shwan\\Desktop\\NLP\\src\\client\\js\\checkUrl.js": {"path":"C:\\Users\\Shwan\\Desktop\\NLP\\src\\client\\js\\checkUrl.js","statementMap":{"0":{"start":{"line":2,"column":17},"end":{"line":6,"column":1}},"1":{"start":{"line":4,"column":4},"end":{"line":4,"column":167}},"2":{"start":{"line":5,"column":2},"end":{"line":5,"column":38}}},"fnMap":{"0":{"name":"(anonymous_0)","decl":{"start":{"line":2,"column":17},"end":{"line":2,"column":18}},"loc":{"start":{"line":2,"column":26},"end":{"line":6,"column":1}},"line":2}},"branchMap":{"0":{"loc":{"start":{"line":5,"column":9},"end":{"line":5,"column":37}},"type":"cond-expr","locations":[{"start":{"line":5,"column":25},"end":{"line":5,"column":29}},{"start":{"line":5,"column":32},"end":{"line":5,"column":37}}],"line":5}},"s":{"0":1,"1":0,"2":0},"f":{"0":0},"b":{"0":[0,0]},"_coverageSchema":"1a1c01bbd47fc00a2c39e90264f33305004495a9","hash":"76a1ff086e7100336bee26d5c810e63d3e34d213"}
,"C:\\Users\\Shwan\\Desktop\\NLP\\src\\client\\js\\handleSubmition.js": {"path":"C:\\Users\\Shwan\\Desktop\\NLP\\src\\client\\js\\handleSubmition.js","statementMap":{"0":{"start":{"line":7,"column":2},"end":{"line":7,"column":25}},"1":{"start":{"line":8,"column":17},"end":{"line":8,"column":53}},"2":{"start":{"line":9,"column":2},"end":{"line":11,"column":34}},"3":{"start":{"line":10,"column":45},"end":{"line":10,"column":59}}},"fnMap":{"0":{"name":"handleSubmit","decl":{"start":{"line":6,"column":9},"end":{"line":6,"column":21}},"loc":{"start":{"line":6,"column":29},"end":{"line":12,"column":1}},"line":6},"1":{"name":"(anonymous_1)","decl":{"start":{"line":10,"column":35},"end":{"line":10,"column":36}},"loc":{"start":{"line":10,"column":45},"end":{"line":10,"column":59}},"line":10}},"branchMap":{"0":{"loc":{"start":{"line":9,"column":2},"end":{"line":11,"column":33}},"type":"cond-expr","locations":[{"start":{"line":10,"column":6},"end":{"line":10,"column":60}},{"start":{"line":11,"column":6},"end":{"line":11,"column":33}}],"line":9}},"s":{"0":0,"1":0,"2":0,"3":0},"f":{"0":0,"1":0},"b":{"0":[0,0]},"_coverageSchema":"1a1c01bbd47fc00a2c39e90264f33305004495a9","hash":"dcf5fb6975c3feeb3623c0461b9f932501f8479d"}
,"C:\\Users\\Shwan\\Desktop\\NLP\\src\\client\\js\\post\\post.js": {"path":"C:\\Users\\Shwan\\Desktop\\NLP\\src\\client\\js\\post\\post.js","statementMap":{"0":{"start":{"line":2,"column":31},"end":{"line":20,"column":1}},"1":{"start":{"line":3,"column":18},"end":{"line":10,"column":3}},"2":{"start":{"line":11,"column":19},"end":{"line":11,"column":73}},"3":{"start":{"line":12,"column":2},"end":{"line":19,"column":3}},"4":{"start":{"line":13,"column":17},"end":{"line":13,"column":38}},"5":{"start":{"line":14,"column":4},"end":{"line":14,"column":16}},"6":{"start":{"line":16,"column":4},"end":{"line":16,"column":34}},"7":{"start":{"line":18,"column":4},"end":{"line":18,"column":24}}},"fnMap":{"0":{"name":"(anonymous_0)","decl":{"start":{"line":2,"column":31},"end":{"line":2,"column":32}},"loc":{"start":{"line":2,"column":51},"end":{"line":20,"column":1}},"line":2}},"branchMap":{"0":{"loc":{"start":{"line":2,"column":38},"end":{"line":2,"column":46}},"type":"default-arg","locations":[{"start":{"line":2,"column":44},"end":{"line":2,"column":46}}],"line":2}},"s":{"0":2,"1":0,"2":0,"3":0,"4":0,"5":0,"6":0,"7":0},"f":{"0":0},"b":{"0":[0]},"_coverageSchema":"1a1c01bbd47fc00a2c39e90264f33305004495a9","hash":"61811b0bcb1bede6552f89ab1b6d054070d4450e"}
,"C:\\Users\\Shwan\\Desktop\\NLP\\src\\client\\js\\post\\updateUI.js": {"path":"C:\\Users\\Shwan\\Desktop\\NLP\\src\\client\\js\\post\\updateUI.js","statementMap":{"0":{"start":{"line":3,"column":20},"end":{"line":3,"column":56}},"1":{"start":{"line":4,"column":21},"end":{"line":4,"column":58}},"2":{"start":{"line":5,"column":16},"end":{"line":5,"column":48}},"3":{"start":{"line":6,"column":16},"end":{"line":6,"column":48}},"4":{"start":{"line":7,"column":20},"end":{"line":7,"column":56}},"5":{"start":{"line":10,"column":2},"end":{"line":10,"column":55}},"6":{"start":{"line":11,"column":2},"end":{"line":11,"column":58}},"7":{"start":{"line":12,"column":2},"end":{"line":12,"column":43}},"8":{"start":{"line":13,"column":2},"end":{"line":13,"column":43}},"9":{"start":{"line":14,"column":2},"end":{"line":14,"column":55}}},"fnMap":{"0":{"name":"updateUI","decl":{"start":{"line":2,"column":16},"end":{"line":2,"column":24}},"loc":{"start":{"line":2,"column":31},"end":{"line":15,"column":1}},"line":2}},"branchMap":{},"s":{"0":0,"1":0,"2":0,"3":0,"4":0,"5":0,"6":0,"7":0,"8":0,"9":0},"f":{"0":0},"b":{},"_coverageSchema":"1a1c01bbd47fc00a2c39e90264f33305004495a9","hash":"d4587cb3a27bb71fcb8e869c97af453e6dddeacc"}
}
